<?xml version="1.0" encoding="utf-8"?><testsuites name="pytest tests"><testsuite name="pytest" errors="0" failures="0" skipped="0" tests="22" time="6.045" timestamp="2026-02-04T12:48:17.606014+00:00" hostname="agent-env-b6e7028a-7631-4d2f-b41c-9f43572be516"><testcase classname="tests.test_admin_api.TestAdminAuth" name="test_login_success" time="0.354" /><testcase classname="tests.test_admin_api.TestAdminAuth" name="test_login_invalid_credentials" time="0.041" /><testcase classname="tests.test_admin_api.TestAdminAuth" name="test_login_empty_credentials" time="0.043" /><testcase classname="tests.test_admin_api.TestTokenVerification" name="test_verify_valid_token" time="0.303" /><testcase classname="tests.test_admin_api.TestTokenVerification" name="test_verify_invalid_token" time="0.041" /><testcase classname="tests.test_admin_api.TestTokenVerification" name="test_verify_no_token" time="0.036" /><testcase classname="tests.test_admin_api.TestAboutContent" name="test_get_about_content" time="0.305" /><testcase classname="tests.test_admin_api.TestAboutContent" name="test_update_about_content" time="0.362" /><testcase classname="tests.test_admin_api.TestAboutContent" name="test_about_unauthenticated" time="0.035" /><testcase classname="tests.test_admin_api.TestSkillsContent" name="test_get_skills" time="0.300" /><testcase classname="tests.test_admin_api.TestSkillsContent" name="test_add_skill" time="0.374" /><testcase classname="tests.test_admin_api.TestSkillsContent" name="test_delete_skill" time="0.379" /><testcase classname="tests.test_admin_api.TestServicesContent" name="test_get_services" time="0.310" /><testcase classname="tests.test_admin_api.TestServicesContent" name="test_add_service" time="0.474" /><testcase classname="tests.test_admin_api.TestServicesContent" name="test_delete_service" time="0.424" /><testcase classname="tests.test_admin_api.TestContactContent" name="test_get_contact_info" time="0.304" /><testcase classname="tests.test_admin_api.TestContactContent" name="test_update_contact_info" time="0.353" /><testcase classname="tests.test_admin_api.TestMessages" name="test_get_messages" time="0.303" /><testcase classname="tests.test_admin_api.TestMessages" name="test_submit_contact_form" time="0.094" /><testcase classname="tests.test_admin_api.TestLogout" name="test_logout" time="0.364" /><testcase classname="tests.test_admin_api.TestCleanup" name="test_cleanup_test_skills" time="0.337" /><testcase classname="tests.test_admin_api.TestCleanup" name="test_cleanup_test_services" time="0.341" /></testsuite></testsuites>